#
# A fatal error has been detected by the Java Runtime Environment:
#
#  SIGSEGV (0xb) at pc=0x00007fff71defd09, pid=4947, tid=30979
#
# JRE version: Java(TM) SE Runtime Environment (7.0_80-b15) (build 1.7.0_80-b15)
# Java VM: Java HotSpot(TM) 64-Bit Server VM (24.80-b11 mixed mode bsd-amd64 compressed oops)
# Problematic frame:
# C  [libsystem_platform.dylib+0x1d09]  _platform_memmove$VARIANT$Haswell+0x29
#
# Failed to write core dump. Core dumps have been disabled. To enable core dumping, try "ulimit -c unlimited" before starting Java again
#
# If you would like to submit a bug report, please visit:
#   http://bugreport.java.com/bugreport/crash.jsp
# The crash happened outside the Java Virtual Machine in native code.
# See problematic frame for where to report the bug.
#

---------------  T H R E A D  ---------------

Current thread (0x00007fd2951e2800):  JavaThread "nioEventLoopGroup-7-6" [_thread_in_native, id=30979, stack(0x000070000dc3a000,0x000070000dd3a000)]

siginfo:si_signo=SIGSEGV: si_errno=0, si_code=1 (SEGV_MAPERR), si_addr=0x0000000112378000

Registers:
RAX=0x00007fd296923000, RBX=0x0000000112372ce5, RCX=0x0000000000003b61, RDX=0x0000000000008e4e
RSP=0x000070000dd36ec0, RBP=0x000070000dd36ec0, RSI=0x0000000112378000, RDI=0x00007fd2969282ed
R8 =0x0000000000000000, R9 =0x0000000000008a97, R10=0x0000000000000000, R11=0x00007fd1845b02ed
R12=0x0000000008080000, R13=0x0000000000000000, R14=0x000000006a804900, R15=0x0000000000009b2d
RIP=0x00007fff71defd09, EFLAGS=0x0000000000010206, ERR=0x0000000000000004
  TRAPNO=0x000000000000000e

Top of Stack: (sp=0x000070000dd36ec0)
0x000070000dd36ec0:   000070000dd36f30 000000010add618a
0x000070000dd36ed0:   0000002d0dd37320 000000000000009b
0x000070000dd36ee0:   000000000000f352 00007fd296923000
0x000070000dd36ef0:   0000000000008e4e 00007fd293e1cd40
0x000070000dd36f00:   00007fd29591fb20 000000009558a61f
0x000070000dd36f10:   0000000000000b40 00007fd2950ac800
0x000070000dd36f20:   00007fd293e1cd40 00007fd293c2f020
0x000070000dd36f30:   000070000dd36f80 000000010add6684
0x000070000dd36f40:   000000000000002f 0000002f951e2800
0x000070000dd36f50:   000070000dd36f9e 000070000dd37468
0x000070000dd36f60:   000000000000002f 000070000dd36f9e
0x000070000dd36f70:   00007fd293e1cd40 00007fd2951e29e8
0x000070000dd36f80:   000070000dd373d0 000000010add54cf
0x000070000dd36f90:   00000000000056c0 6662000000000001
0x000070000dd36fa0:   742f7472616d7374 2f65726f632f6d6f
0x000070000dd36fb0:   736567617373656d 7373654d4d4f542f
0x000070000dd36fc0:   2e65707954656761 0000007373616c63
0x000070000dd36fd0:   0000000000000000 0000000000000000
0x000070000dd36fe0:   0000000000000000 0000000000000000
0x000070000dd36ff0:   0000000000000000 0000000000000000
0x000070000dd37000:   0000000000000000 0000000000000000
0x000070000dd37010:   0000000000000000 00000000fb702680
0x000070000dd37020:   0000000000000000 0000000000000018
0x000070000dd37030:   0000000000000000 0000000000000000
0x000070000dd37040:   0000000000000000 0000000000000000
0x000070000dd37050:   0000000000000000 0000000000000000
0x000070000dd37060:   000070000dd370b0 00007fff71c91a5f
0x000070000dd37070:   000070000dd371c0 0000000000000000
0x000070000dd37080:   0000000000000000 0000000000000000
0x000070000dd37090:   0000000000000064 0000000100000000
0x000070000dd370a0:   0000000000000082 000000010cb5d8db
0x000070000dd370b0:   000070000dd37450 00007fff71c9ba7e 

Instructions: (pc=0x00007fff71defd09)
0x00007fff71defce9:   f3 48 89 f8 49 39 d3 72 1b 48 83 fa 60 76 2f 48
0x00007fff71defcf9:   81 fa 00 40 00 00 0f 82 cb 00 00 00 48 89 d1 fc
0x00007fff71defd09:   f3 a4 5d c3 48 39 fe 74 f9 48 01 d6 48 01 d7 48
0x00007fff71defd19:   83 fa 60 0f 82 8c 01 00 00 e9 a9 01 00 00 48 83 

Register to memory mapping:

RAX=0x00007fd296923000 is an unknown value
RBX=0x0000000112372ce5 is an unknown value
RCX=0x0000000000003b61 is an unknown value
RDX=0x0000000000008e4e is an unknown value
RSP=0x000070000dd36ec0 is pointing into the stack for thread: 0x00007fd2951e2800
RBP=0x000070000dd36ec0 is pointing into the stack for thread: 0x00007fd2951e2800
RSI=0x0000000112378000 is an unknown value
RDI=0x00007fd2969282ed is an unknown value
R8 =0x0000000000000000 is an unknown value
R9 =0x0000000000008a97 is an unknown value
R10=0x0000000000000000 is an unknown value
R11=0x00007fd1845b02ed is an unknown value
R12=0x0000000008080000 is an unknown value
R13=0x0000000000000000 is an unknown value
R14=0x000000006a804900 is an unknown value
R15=0x0000000000009b2d is an unknown value


Stack: [0x000070000dc3a000,0x000070000dd3a000],  sp=0x000070000dd36ec0,  free space=1011k
Native frames: (J=compiled Java code, j=interpreted, Vv=VM code, C=native code)
C  [libsystem_platform.dylib+0x1d09]  _platform_memmove$VARIANT$Haswell+0x29
C  [libzip.dylib+0x318a]  newEntry+0x2c8
C  [libzip.dylib+0x3684]  ZIP_GetEntry+0xa2
C  [libzip.dylib+0x24cf]  Java_java_util_zip_ZipFile_getEntry+0xdd
j  java.util.zip.ZipFile.getEntry(J[BZ)J+0
j  java.util.zip.ZipFile.getEntry(Ljava/lang/String;)Ljava/util/zip/ZipEntry;+38
j  java.util.jar.JarFile.getEntry(Ljava/lang/String;)Ljava/util/zip/ZipEntry;+2
j  java.util.jar.JarFile.getJarEntry(Ljava/lang/String;)Ljava/util/jar/JarEntry;+2
j  sun.misc.URLClassPath$JarLoader.getResource(Ljava/lang/String;Z)Lsun/misc/Resource;+48
j  sun.misc.URLClassPath.getResource(Ljava/lang/String;Z)Lsun/misc/Resource;+53
j  java.net.URLClassLoader$1.run()Ljava/lang/Class;+26
j  java.net.URLClassLoader$1.run()Ljava/lang/Object;+1
v  ~StubRoutines::call_stub
V  [libjvm.dylib+0x2dc898]  JavaCalls::call_helper(JavaValue*, methodHandle*, JavaCallArguments*, Thread*)+0x22a
V  [libjvm.dylib+0x2dc668]  JavaCalls::call(JavaValue*, methodHandle, JavaCallArguments*, Thread*)+0x28
V  [libjvm.dylib+0x32ffb8]  JVM_DoPrivileged+0x411
j  java.security.AccessController.doPrivileged(Ljava/security/PrivilegedExceptionAction;Ljava/security/AccessControlContext;)Ljava/lang/Object;+0
j  java.net.URLClassLoader.findClass(Ljava/lang/String;)Ljava/lang/Class;+13
j  java.lang.ClassLoader.loadClass(Ljava/lang/String;Z)Ljava/lang/Class;+70
j  sun.misc.Launcher$AppClassLoader.loadClass(Ljava/lang/String;Z)Ljava/lang/Class;+36
j  java.lang.ClassLoader.loadClass(Ljava/lang/String;)Ljava/lang/Class;+3
v  ~StubRoutines::call_stub
V  [libjvm.dylib+0x2dc898]  JavaCalls::call_helper(JavaValue*, methodHandle*, JavaCallArguments*, Thread*)+0x22a
V  [libjvm.dylib+0x2dcdaf]  JavaCalls::call_virtual(JavaValue*, KlassHandle, Symbol*, Symbol*, JavaCallArguments*, Thread*)+0x11b
V  [libjvm.dylib+0x2dce98]  JavaCalls::call_virtual(JavaValue*, Handle, KlassHandle, Symbol*, Symbol*, Handle, Thread*)+0x56
V  [libjvm.dylib+0x4cbfda]  SystemDictionary::load_instance_class(Symbol*, Handle, Thread*)+0x300
V  [libjvm.dylib+0x4cb946]  SystemDictionary::resolve_instance_class_or_null(Symbol*, Handle, Handle, Thread*)+0x4bc
V  [libjvm.dylib+0x4cc224]  SystemDictionary::resolve_or_null(Symbol*, Handle, Handle, Thread*)+0x104
V  [libjvm.dylib+0x4cc655]  SystemDictionary::resolve_or_fail(Symbol*, Handle, Handle, bool, Thread*)+0x31
V  [libjvm.dylib+0x1ea162]  constantPoolOopDesc::klass_at_impl(constantPoolHandle, int, Thread*)+0x1fa
V  [libjvm.dylib+0x3a3e68]  LinkResolver::resolve_klass(KlassHandle&, constantPoolHandle, int, Thread*)+0x20
V  [libjvm.dylib+0x3a3ed2]  LinkResolver::resolve_pool(KlassHandle&, Symbol*&, Symbol*&, KlassHandle&, constantPoolHandle, int, Thread*)+0x32
V  [libjvm.dylib+0x3a6406]  LinkResolver::resolve_invokestatic(CallInfo&, constantPoolHandle, int, Thread*)+0x50
V  [libjvm.dylib+0x2d79e2]  InterpreterRuntime::resolve_invoke(JavaThread*, Bytecodes::Code)+0x226
j  bftsmart.tom.core.messages.TOMMessage.rExternal(Ljava/io/DataInput;)V+27
j  bftsmart.communication.client.netty.NettyTOMMessageDecoder.decode(Lio/netty/channel/ChannelHandlerContext;Lio/netty/buffer/ByteBuf;Ljava/util/List;)V+189
j  io.netty.handler.codec.ByteToMessageDecoder.callDecode(Lio/netty/channel/ChannelHandlerContext;Lio/netty/buffer/ByteBuf;Ljava/util/List;)V+25
j  io.netty.handler.codec.ByteToMessageDecoder.channelRead(Lio/netty/channel/ChannelHandlerContext;Ljava/lang/Object;)V+116
j  io.netty.channel.AbstractChannelHandlerContext.invokeChannelRead(Ljava/lang/Object;)V+9
j  io.netty.channel.AbstractChannelHandlerContext.fireChannelRead(Ljava/lang/Object;)Lio/netty/channel/ChannelHandlerContext;+35
j  io.netty.channel.DefaultChannelPipeline.fireChannelRead(Ljava/lang/Object;)Lio/netty/channel/ChannelPipeline;+5
j  io.netty.channel.nio.AbstractNioByteChannel$NioByteUnsafe.read()V+172
j  io.netty.channel.nio.NioEventLoop.processSelectedKey(Ljava/nio/channels/SelectionKey;Lio/netty/channel/nio/AbstractNioChannel;)V+42
j  io.netty.channel.nio.NioEventLoop.processSelectedKeysOptimized([Ljava/nio/channels/SelectionKey;)V+37
j  io.netty.channel.nio.NioEventLoop.processSelectedKeys()V+15
j  io.netty.channel.nio.NioEventLoop.run()V+84
j  io.netty.util.concurrent.SingleThreadEventExecutor$2.run()V+13
j  io.netty.util.concurrent.DefaultThreadFactory$DefaultRunnableDecorator.run()V+4
j  java.lang.Thread.run()V+11
v  ~StubRoutines::call_stub
V  [libjvm.dylib+0x2dc898]  JavaCalls::call_helper(JavaValue*, methodHandle*, JavaCallArguments*, Thread*)+0x22a
V  [libjvm.dylib+0x2dcdaf]  JavaCalls::call_virtual(JavaValue*, KlassHandle, Symbol*, Symbol*, JavaCallArguments*, Thread*)+0x11b
V  [libjvm.dylib+0x2dceec]  JavaCalls::call_virtual(JavaValue*, Handle, KlassHandle, Symbol*, Symbol*, Thread*)+0x4a
V  [libjvm.dylib+0x32bf3a]  thread_entry(JavaThread*, Thread*)+0xad
V  [libjvm.dylib+0x4f8341]  JavaThread::thread_main_inner()+0x9b
V  [libjvm.dylib+0x4f9a49]  JavaThread::run()+0x1a3
V  [libjvm.dylib+0x422b92]  java_start(Thread*)+0x126
C  [libsystem_pthread.dylib+0x3305]  _pthread_body+0x7e
C  [libsystem_pthread.dylib+0x626f]  _pthread_start+0x46
C  [libsystem_pthread.dylib+0x2415]  thread_start+0xd

Java frames: (J=compiled Java code, j=interpreted, Vv=VM code)
j  java.util.zip.ZipFile.getEntry(J[BZ)J+0
j  java.util.zip.ZipFile.getEntry(Ljava/lang/String;)Ljava/util/zip/ZipEntry;+38
j  java.util.jar.JarFile.getEntry(Ljava/lang/String;)Ljava/util/zip/ZipEntry;+2
j  java.util.jar.JarFile.getJarEntry(Ljava/lang/String;)Ljava/util/jar/JarEntry;+2
j  sun.misc.URLClassPath$JarLoader.getResource(Ljava/lang/String;Z)Lsun/misc/Resource;+48
j  sun.misc.URLClassPath.getResource(Ljava/lang/String;Z)Lsun/misc/Resource;+53
j  java.net.URLClassLoader$1.run()Ljava/lang/Class;+26
j  java.net.URLClassLoader$1.run()Ljava/lang/Object;+1
v  ~StubRoutines::call_stub
j  java.security.AccessController.doPrivileged(Ljava/security/PrivilegedExceptionAction;Ljava/security/AccessControlContext;)Ljava/lang/Object;+0
j  java.net.URLClassLoader.findClass(Ljava/lang/String;)Ljava/lang/Class;+13
j  java.lang.ClassLoader.loadClass(Ljava/lang/String;Z)Ljava/lang/Class;+70
j  sun.misc.Launcher$AppClassLoader.loadClass(Ljava/lang/String;Z)Ljava/lang/Class;+36
j  java.lang.ClassLoader.loadClass(Ljava/lang/String;)Ljava/lang/Class;+3
v  ~StubRoutines::call_stub
j  bftsmart.tom.core.messages.TOMMessage.rExternal(Ljava/io/DataInput;)V+27
j  bftsmart.communication.client.netty.NettyTOMMessageDecoder.decode(Lio/netty/channel/ChannelHandlerContext;Lio/netty/buffer/ByteBuf;Ljava/util/List;)V+189
j  io.netty.handler.codec.ByteToMessageDecoder.callDecode(Lio/netty/channel/ChannelHandlerContext;Lio/netty/buffer/ByteBuf;Ljava/util/List;)V+25
j  io.netty.handler.codec.ByteToMessageDecoder.channelRead(Lio/netty/channel/ChannelHandlerContext;Ljava/lang/Object;)V+116
j  io.netty.channel.AbstractChannelHandlerContext.invokeChannelRead(Ljava/lang/Object;)V+9
j  io.netty.channel.AbstractChannelHandlerContext.fireChannelRead(Ljava/lang/Object;)Lio/netty/channel/ChannelHandlerContext;+35
j  io.netty.channel.DefaultChannelPipeline.fireChannelRead(Ljava/lang/Object;)Lio/netty/channel/ChannelPipeline;+5
j  io.netty.channel.nio.AbstractNioByteChannel$NioByteUnsafe.read()V+172
j  io.netty.channel.nio.NioEventLoop.processSelectedKey(Ljava/nio/channels/SelectionKey;Lio/netty/channel/nio/AbstractNioChannel;)V+42
j  io.netty.channel.nio.NioEventLoop.processSelectedKeysOptimized([Ljava/nio/channels/SelectionKey;)V+37
j  io.netty.channel.nio.NioEventLoop.processSelectedKeys()V+15
j  io.netty.channel.nio.NioEventLoop.run()V+84
j  io.netty.util.concurrent.SingleThreadEventExecutor$2.run()V+13
j  io.netty.util.concurrent.DefaultThreadFactory$DefaultRunnableDecorator.run()V+4
j  java.lang.Thread.run()V+11
v  ~StubRoutines::call_stub

---------------  P R O C E S S  ---------------

Java Threads: ( => current thread )
=>0x00007fd2951e2800 JavaThread "nioEventLoopGroup-7-6" [_thread_in_native, id=30979, stack(0x000070000dc3a000,0x000070000dd3a000)]
  0x00007fd296902000 JavaThread "nioEventLoopGroup-23-1" [_thread_blocked, id=33539, stack(0x000070000db37000,0x000070000dc37000)]
  0x00007fd297114800 JavaThread "nioEventLoopGroup-22-1" [_thread_blocked, id=30211, stack(0x000070000da34000,0x000070000db34000)]
  0x00007fd299800000 JavaThread "nioEventLoopGroup-7-5" [_thread_in_native, id=29955, stack(0x000070000d931000,0x000070000da31000)]
  0x00007fd294051000 JavaThread "nioEventLoopGroup-21-1" [_thread_in_native, id=34051, stack(0x000070000d82e000,0x000070000d92e000)]
  0x00007fd2960fc800 JavaThread "nioEventLoopGroup-20-1" [_thread_in_native, id=29443, stack(0x000070000d72b000,0x000070000d82b000)]
  0x00007fd29685e000 JavaThread "nioEventLoopGroup-19-1" [_thread_in_native, id=29187, stack(0x000070000d628000,0x000070000d728000)]
  0x00007fd29488b000 JavaThread "nioEventLoopGroup-18-1" [_thread_in_native, id=34819, stack(0x000070000d525000,0x000070000d625000)]
  0x00007fd2951e3800 JavaThread "nioEventLoopGroup-17-1" [_thread_in_native, id=28419, stack(0x000070000d422000,0x000070000d522000)]
  0x00007fd29685d800 JavaThread "nioEventLoopGroup-16-1" [_thread_in_native, id=35331, stack(0x000070000d31f000,0x000070000d41f000)]
  0x00007fd2960fb800 JavaThread "nioEventLoopGroup-15-1" [_thread_in_native, id=39687, stack(0x000070000d21c000,0x000070000d31c000)]
  0x00007fd2951e1800 JavaThread "nioEventLoopGroup-14-1" [_thread_in_native, id=35587, stack(0x000070000d119000,0x000070000d219000)]
  0x00007fd2951b1000 JavaThread "nioEventLoopGroup-7-4" [_thread_in_native, id=27651, stack(0x000070000d016000,0x000070000d116000)]
  0x00007fd29601c000 JavaThread "nioEventLoopGroup-13-1" [_thread_in_native, id=27395, stack(0x000070000cf13000,0x000070000d013000)]
  0x00007fd29512a000 JavaThread "nioEventLoopGroup-12-1" [_thread_in_native, id=27139, stack(0x000070000ce10000,0x000070000cf10000)]
  0x00007fd296001800 JavaThread "nioEventLoopGroup-11-1" [_thread_in_native, id=36611, stack(0x000070000cd0d000,0x000070000ce0d000)]
  0x00007fd295129000 JavaThread "nioEventLoopGroup-10-1" [_thread_in_native, id=37123, stack(0x000070000cc0a000,0x000070000cd0a000)]
  0x00007fd29488a000 JavaThread "nioEventLoopGroup-9-1" [_thread_in_native, id=37635, stack(0x000070000cb07000,0x000070000cc07000)]
  0x00007fd294885800 JavaThread "nioEventLoopGroup-7-3" [_thread_in_native, id=26627, stack(0x000070000ca04000,0x000070000cb04000)]
  0x00007fd294811000 JavaThread "nioEventLoopGroup-8-1" [_thread_in_native, id=37891, stack(0x000070000c901000,0x000070000ca01000)]
  0x00007fd29480a800 JavaThread "nioEventLoopGroup-7-2" [_thread_in_native, id=17675, stack(0x000070000c7fe000,0x000070000c8fe000)]
  0x00007fd29684b000 JavaThread "DestroyJavaVM" [_thread_blocked, id=10243, stack(0x000070000a264000,0x000070000a364000)]
  0x00007fd294906800 JavaThread "nioEventLoopGroup-7-1" [_thread_in_native, id=26115, stack(0x000070000c6fb000,0x000070000c7fb000)]
  0x00007fd294051800 JavaThread "Thread-4" [_thread_blocked, id=38915, stack(0x000070000c5f8000,0x000070000c6f8000)]
  0x00007fd2940df000 JavaThread "Server CS" [_thread_blocked, id=25603, stack(0x000070000c4f5000,0x000070000c5f5000)]
  0x00007fd2940de000 JavaThread "TOM Layer" [_thread_blocked, id=39427, stack(0x000070000c3f2000,0x000070000c4f2000)]
  0x00007fd2940dd800 JavaThread "Delivery Thread" [_thread_blocked, id=25091, stack(0x000070000c2ef000,0x000070000c3ef000)]
  0x00007fd29401b000 JavaThread "request timer" [_thread_blocked, id=24579, stack(0x000070000c1ec000,0x000070000c2ec000)]
  0x00007fd29488f000 JavaThread "nioEventLoopGroup-6-1" [_thread_in_native, id=24067, stack(0x000070000c0be000,0x000070000c1be000)]
  0x00007fd29488c000 JavaThread "Thread-1" [_thread_in_native, id=23555, stack(0x000070000bfbb000,0x000070000c0bb000)]
  0x00007fd2940dc800 JavaThread "Receiver for 3" [_thread_in_native, id=40451, stack(0x000070000beb8000,0x000070000bfb8000)]
  0x00007fd294026000 JavaThread "Sender for 3" [_thread_blocked, id=40963, stack(0x000070000bdb5000,0x000070000beb5000)]
  0x00007fd29605b800 JavaThread "Receiver for 1" [_thread_in_native, id=23043, stack(0x000070000bcb2000,0x000070000bdb2000)]
  0x00007fd298028800 JavaThread "Sender for 1" [_thread_blocked, id=22787, stack(0x000070000bbaf000,0x000070000bcaf000)]
  0x00007fd297809800 JavaThread "Receiver for 0" [_thread_in_native, id=22275, stack(0x000070000baac000,0x000070000bbac000)]
  0x00007fd295122800 JavaThread "Sender for 0" [_thread_blocked, id=41475, stack(0x000070000b9a9000,0x000070000baa9000)]
  0x00007fd29518c000 JavaThread "nioEventLoopGroup-5-1" [_thread_in_native, id=41987, stack(0x000070000b8a6000,0x000070000b9a6000)]
  0x00007fd29515b000 JavaThread "nioEventLoopGroup-4-1" [_thread_in_native, id=42499, stack(0x000070000b7a3000,0x000070000b8a3000)]
  0x00007fd296062800 JavaThread "nioEventLoopGroup-3-1" [_thread_in_native, id=43011, stack(0x000070000b6a0000,0x000070000b7a0000)]
  0x00007fd296000000 JavaThread "nioEventLoopGroup-2-1" [_thread_in_native, id=21767, stack(0x000070000b59d000,0x000070000b69d000)]
  0x00007fd294018000 JavaThread "Service Thread" daemon [_thread_blocked, id=15619, stack(0x000070000b397000,0x000070000b497000)]
  0x00007fd294805800 JavaThread "C2 CompilerThread1" daemon [_thread_blocked, id=16131, stack(0x000070000b294000,0x000070000b394000)]
  0x00007fd295086000 JavaThread "C2 CompilerThread0" daemon [_thread_blocked, id=16643, stack(0x000070000b191000,0x000070000b291000)]
  0x00007fd295080000 JavaThread "Signal Dispatcher" daemon [_thread_blocked, id=14595, stack(0x000070000b08e000,0x000070000b18e000)]
  0x00007fd295038800 JavaThread "Finalizer" daemon [_thread_blocked, id=18691, stack(0x000070000af8b000,0x000070000b08b000)]
  0x00007fd295038000 JavaThread "Reference Handler" daemon [_thread_blocked, id=19203, stack(0x000070000ae88000,0x000070000af88000)]

Other Threads:
  0x00007fd294017000 VMThread [stack: 0x000070000ad85000,0x000070000ae85000] [id=12803]
  0x00007fd295081800 WatcherThread [stack: 0x000070000b49a000,0x000070000b59a000] [id=15107]

VM state:not at safepoint (normal execution)

VM Mutex/Monitor currently owned by a thread: None

Heap
 PSYoungGen      total 153600K, used 124189K [0x0000000755500000, 0x0000000760000000, 0x0000000800000000)
  eden space 132096K, 94% used [0x0000000755500000,0x000000075ce475e8,0x000000075d600000)
  from space 21504K, 0% used [0x000000075eb00000,0x000000075eb00000,0x0000000760000000)
  to   space 21504K, 0% used [0x000000075d600000,0x000000075d600000,0x000000075eb00000)
 ParOldGen       total 349184K, used 0K [0x0000000600000000, 0x0000000615500000, 0x0000000755500000)
  object space 349184K, 0% used [0x0000000600000000,0x0000000600000000,0x0000000615500000)
 PSPermGen       total 21504K, used 9250K [0x00000005fae00000, 0x00000005fc300000, 0x0000000600000000)
  object space 21504K, 43% used [0x00000005fae00000,0x00000005fb708b98,0x00000005fc300000)

Card table byte_map: [0x0000000110165000,0x000000011118f000] byte_map_base: 0x000000010d18e000

Polling page: 0x000000010adc9000

Code Cache  [0x000000010d0a5000, 0x000000010d315000, 0x00000001100a5000)
 total_blobs=348 nmethods=76 adapters=226 free_code_cache=48560Kb largest_free_block=49702720

Compilation events (10 events):
Event: 147.592 Thread 0x00007fd295086000   72             io.netty.util.concurrent.ScheduledFutureTask::nanoTime (8 bytes)
Event: 147.593 Thread 0x00007fd295086000 nmethod 72 0x000000010d132110 code [0x000000010d132240, 0x000000010d132298]
Event: 148.833 Thread 0x00007fd294805800   73             io.netty.util.internal.MpscLinkedQueueHeadRef::headRef (5 bytes)
Event: 148.833 Thread 0x00007fd294805800 nmethod 73 0x000000010d131f10 code [0x000000010d132040, 0x000000010d1320b8]
Event: 168.050 Thread 0x00007fd295086000   75             io.netty.util.internal.MpscLinkedQueueNode::next (5 bytes)
Event: 168.050 Thread 0x00007fd295086000 nmethod 75 0x000000010d131d10 code [0x000000010d131e40, 0x000000010d131eb8]
Event: 172.497 Thread 0x00007fd294805800   76             io.netty.util.internal.MpscLinkedQueue::peekNode (33 bytes)
Event: 172.497 Thread 0x00007fd294805800 nmethod 76 0x000000010d12bdd0 code [0x000000010d12bf20, 0x000000010d12bfd8]
Event: 177.689 Thread 0x00007fd295086000   77             java.math.BigInteger::stripLeadingZeroBytes (132 bytes)
Event: 177.692 Thread 0x00007fd295086000 nmethod 77 0x000000010d12b6d0 code [0x000000010d12b820, 0x000000010d12bbd8]

GC Heap History (0 events):
No events

Deoptimization events (5 events):
Event: 0.063 Thread 0x00007fd296001800 Uncommon trap: reason=unstable_if action=reinterpret pc=0x000000010d1051c0 method=java.lang.String.indexOf(II)I @ 49
Event: 0.158 Thread 0x00007fd296001800 Uncommon trap: reason=unstable_if action=reinterpret pc=0x000000010d111c48 method=java.lang.String.indexOf([CII[CIII)I @ 134
Event: 0.163 Thread 0x00007fd296001800 Uncommon trap: reason=unstable_if action=reinterpret pc=0x000000010d11a3a0 method=java.math.BigInteger.squareToLen([II[I)[I @ 5
Event: 0.184 Thread 0x00007fd296001800 Uncommon trap: reason=unstable_if action=reinterpret pc=0x000000010d10c480 method=java.io.BufferedReader.readLine(Z)Ljava/lang/String; @ 160
Event: 0.233 Thread 0x00007fd296001800 Uncommon trap: reason=null_check action=make_not_entrant pc=0x000000010d10ae68 method=java.lang.String.equals(Ljava/lang/Object;)Z @ 8

Internal exceptions (10 events):
Event: 121.909 Thread 0x00007fd29685e000 Threw 0x000000075bc38a18 at /Users/java_re/workspace/7u-2-build-macosx-x86_64/jdk7u80/2329/hotspot/src/share/vm/prims/jni.cpp:717
Event: 128.334 Thread 0x00007fd29488c000 Threw 0x0000000757bdc318 at /Users/java_re/workspace/7u-2-build-macosx-x86_64/jdk7u80/2329/hotspot/src/share/vm/prims/jni.cpp:743
Event: 131.918 Thread 0x00007fd2960fc800 Threw 0x000000075becd2b0 at /Users/java_re/workspace/7u-2-build-macosx-x86_64/jdk7u80/2329/hotspot/src/share/vm/prims/jni.cpp:717
Event: 138.336 Thread 0x00007fd29488c000 Threw 0x0000000757bdc5c8 at /Users/java_re/workspace/7u-2-build-macosx-x86_64/jdk7u80/2329/hotspot/src/share/vm/prims/jni.cpp:743
Event: 141.923 Thread 0x00007fd294051000 Threw 0x000000075c161b48 at /Users/java_re/workspace/7u-2-build-macosx-x86_64/jdk7u80/2329/hotspot/src/share/vm/prims/jni.cpp:717
Event: 157.153 Thread 0x00007fd29488c000 Threw 0x0000000757c01048 at /Users/java_re/workspace/7u-2-build-macosx-x86_64/jdk7u80/2329/hotspot/src/share/vm/prims/jni.cpp:743
Event: 167.157 Thread 0x00007fd29488c000 Threw 0x0000000757c012f8 at /Users/java_re/workspace/7u-2-build-macosx-x86_64/jdk7u80/2329/hotspot/src/share/vm/prims/jni.cpp:743
Event: 177.033 Thread 0x00007fd296902000 Threw 0x000000075c91f530 at /Users/java_re/workspace/7u-2-build-macosx-x86_64/jdk7u80/2329/hotspot/src/share/vm/prims/jni.cpp:717
Event: 177.158 Thread 0x00007fd29488c000 Threw 0x0000000757c015a8 at /Users/java_re/workspace/7u-2-build-macosx-x86_64/jdk7u80/2329/hotspot/src/share/vm/prims/jni.cpp:743
Event: 182.784 Thread 0x00007fd2951e2800 Threw 0x000000075cbb5978 at /Users/java_re/workspace/7u-2-build-macosx-x86_64/jdk7u80/2329/hotspot/src/share/vm/prims/jvm.cpp:1319

Events (10 events):
Event: 177.589 Executing VM operation: RevokeBias
Event: 177.589 Executing VM operation: RevokeBias done
Event: 182.035 Executing VM operation: RevokeBias
Event: 182.035 Executing VM operation: RevokeBias done
Event: 182.035 Executing VM operation: RevokeBias
Event: 182.035 Executing VM operation: RevokeBias done
Event: 182.036 Executing VM operation: RevokeBias
Event: 182.037 Executing VM operation: RevokeBias done
Event: 182.784 loading class 0x00007fd295906820
Event: 182.784 loading class 0x00007fd295906820 done


Dynamic libraries:
0x000000001a73b000 	/System/Library/Frameworks/Cocoa.framework/Versions/A/Cocoa
0x000000001a73b000 	/System/Library/Frameworks/Security.framework/Versions/A/Security
0x000000001a73b000 	/System/Library/Frameworks/ApplicationServices.framework/Versions/A/ApplicationServices
0x000000001a73b000 	/usr/lib/libz.1.dylib
0x000000001a73b000 	/usr/lib/libSystem.B.dylib
0x000000001a73b000 	/usr/lib/libobjc.A.dylib
0x000000001a73b000 	/System/Library/Frameworks/CoreFoundation.framework/Versions/A/CoreFoundation
0x000000001a73b000 	/System/Library/Frameworks/Foundation.framework/Versions/C/Foundation
0x000000001a73b000 	/System/Library/Frameworks/AppKit.framework/Versions/C/AppKit
0x000000001a73b000 	/System/Library/Frameworks/CoreData.framework/Versions/A/CoreData
0x000000001a73b000 	/System/Library/PrivateFrameworks/RemoteViewServices.framework/Versions/A/RemoteViewServices
0x000000001a73b000 	/System/Library/PrivateFrameworks/UIFoundation.framework/Versions/A/UIFoundation
0x000000001a73b000 	/System/Library/PrivateFrameworks/XCTTargetBootstrap.framework/Versions/A/XCTTargetBootstrap
0x000000001a73b000 	/System/Library/PrivateFrameworks/IconServices.framework/Versions/A/IconServices
0x000000001a73b000 	/System/Library/Frameworks/Metal.framework/Versions/A/Metal
0x000000001a73b000 	/System/Library/PrivateFrameworks/DesktopServicesPriv.framework/Versions/A/DesktopServicesPriv
0x000000001a73b000 	/usr/lib/libenergytrace.dylib
0x000000001a73b000 	/System/Library/PrivateFrameworks/SkyLight.framework/Versions/A/SkyLight
0x000000001a73b000 	/System/Library/Frameworks/CoreGraphics.framework/Versions/A/CoreGraphics
0x000000001a73b000 	/System/Library/Frameworks/Accelerate.framework/Versions/A/Accelerate
0x000000001a73b000 	/System/Library/Frameworks/IOSurface.framework/Versions/A/IOSurface
0x000000001a73b000 	/System/Library/PrivateFrameworks/DFRFoundation.framework/Versions/A/DFRFoundation
0x000000001a73b000 	/System/Library/Frameworks/AudioToolbox.framework/Versions/A/AudioToolbox
0x000000001a73b000 	/System/Library/Frameworks/AudioUnit.framework/Versions/A/AudioUnit
0x000000001a73b000 	/System/Library/PrivateFrameworks/DataDetectorsCore.framework/Versions/A/DataDetectorsCore
0x000000001a73b000 	/System/Library/Frameworks/Carbon.framework/Versions/A/Frameworks/HIToolbox.framework/Versions/A/HIToolbox
0x000000001a73b000 	/usr/lib/libicucore.A.dylib
0x000000001a73b000 	/System/Library/Frameworks/QuartzCore.framework/Versions/A/QuartzCore
0x000000001a73b000 	/System/Library/Frameworks/Carbon.framework/Versions/A/Frameworks/SpeechRecognition.framework/Versions/A/SpeechRecognition
0x000000001a73b000 	/usr/lib/libauto.dylib
0x000000001a73b000 	/usr/lib/libxml2.2.dylib
0x000000001a73b000 	/System/Library/PrivateFrameworks/CoreUI.framework/Versions/A/CoreUI
0x000000001a73b000 	/System/Library/Frameworks/CoreAudio.framework/Versions/A/CoreAudio
0x000000001a73b000 	/System/Library/Frameworks/DiskArbitration.framework/Versions/A/DiskArbitration
0x000000001a73b000 	/usr/lib/liblangid.dylib
0x000000001a73b000 	/System/Library/PrivateFrameworks/MultitouchSupport.framework/Versions/A/MultitouchSupport
0x000000001a73b000 	/System/Library/Frameworks/IOKit.framework/Versions/A/IOKit
0x000000001a73b000 	/usr/lib/libDiagnosticMessagesClient.dylib
0x000000001a73b000 	/System/Library/Frameworks/CoreServices.framework/Versions/A/CoreServices
0x000000001a73b000 	/System/Library/PrivateFrameworks/PerformanceAnalysis.framework/Versions/A/PerformanceAnalysis
0x000000001a73b000 	/System/Library/Frameworks/OpenGL.framework/Versions/A/OpenGL
0x000000001a73b000 	/System/Library/Frameworks/ColorSync.framework/Versions/A/ColorSync
0x000000001a73b000 	/System/Library/Frameworks/CoreImage.framework/Versions/A/CoreImage
0x000000001a73b000 	/System/Library/Frameworks/CoreText.framework/Versions/A/CoreText
0x000000001a73b000 	/System/Library/Frameworks/ImageIO.framework/Versions/A/ImageIO
0x000000001a73b000 	/System/Library/PrivateFrameworks/Backup.framework/Versions/A/Backup
0x000000001a73b000 	/usr/lib/libarchive.2.dylib
0x000000001a73b000 	/System/Library/Frameworks/CFNetwork.framework/Versions/A/CFNetwork
0x000000001a73b000 	/System/Library/Frameworks/SystemConfiguration.framework/Versions/A/SystemConfiguration
0x000000001a73b000 	/usr/lib/libCRFSuite.dylib
0x000000001a73b000 	/usr/lib/libc++.1.dylib
0x000000001a73b000 	/usr/lib/libc++abi.dylib
0x000000001a73b000 	/usr/lib/system/libcache.dylib
0x000000001a73b000 	/usr/lib/system/libcommonCrypto.dylib
0x000000001a73b000 	/usr/lib/system/libcompiler_rt.dylib
0x000000001a73b000 	/usr/lib/system/libcopyfile.dylib
0x000000001a73b000 	/usr/lib/system/libcorecrypto.dylib
0x000000001a73b000 	/usr/lib/system/libdispatch.dylib
0x000000001a73b000 	/usr/lib/system/libdyld.dylib
0x000000001a73b000 	/usr/lib/system/libkeymgr.dylib
0x000000001a73b000 	/usr/lib/system/liblaunch.dylib
0x000000001a73b000 	/usr/lib/system/libmacho.dylib
0x000000001a73b000 	/usr/lib/system/libquarantine.dylib
0x000000001a73b000 	/usr/lib/system/libremovefile.dylib
0x000000001a73b000 	/usr/lib/system/libsystem_asl.dylib
0x000000001a73b000 	/usr/lib/system/libsystem_blocks.dylib
0x000000001a73b000 	/usr/lib/system/libsystem_c.dylib
0x000000001a73b000 	/usr/lib/system/libsystem_configuration.dylib
0x000000001a73b000 	/usr/lib/system/libsystem_coreservices.dylib
0x000000001a73b000 	/usr/lib/system/libsystem_darwin.dylib
0x000000001a73b000 	/usr/lib/system/libsystem_dnssd.dylib
0x000000001a73b000 	/usr/lib/system/libsystem_info.dylib
0x000000001a73b000 	/usr/lib/system/libsystem_m.dylib
0x000000001a73b000 	/usr/lib/system/libsystem_malloc.dylib
0x000000001a73b000 	/usr/lib/system/libsystem_networkextension.dylib
0x000000001a73b000 	/usr/lib/system/libsystem_notify.dylib
0x000000001a73b000 	/usr/lib/system/libsystem_sandbox.dylib
0x000000001a73b000 	/usr/lib/system/libsystem_secinit.dylib
0x000000001a73b000 	/usr/lib/system/libsystem_kernel.dylib
0x000000001a73b000 	/usr/lib/system/libsystem_platform.dylib
0x000000001a73b000 	/usr/lib/system/libsystem_pthread.dylib
0x000000001a73b000 	/usr/lib/system/libsystem_symptoms.dylib
0x000000001a73b000 	/usr/lib/system/libsystem_trace.dylib
0x000000001a73b000 	/usr/lib/system/libunwind.dylib
0x000000001a73b000 	/usr/lib/system/libxpc.dylib
0x000000001a73b000 	/usr/lib/libbsm.0.dylib
0x000000001a73b000 	/usr/lib/system/libkxld.dylib
0x000000001a73b000 	/System/Library/PrivateFrameworks/AppleFSCompression.framework/Versions/A/AppleFSCompression
0x000000001a73b000 	/usr/lib/libOpenScriptingUtil.dylib
0x000000001a73b000 	/usr/lib/libcoretls.dylib
0x000000001a73b000 	/usr/lib/libcoretls_cfhelpers.dylib
0x000000001a73b000 	/usr/lib/libpam.2.dylib
0x000000001a73b000 	/usr/lib/libsqlite3.dylib
0x000000001a73b000 	/usr/lib/libxar.1.dylib
0x000000001a73b000 	/usr/lib/libbz2.1.0.dylib
0x000000001a73b000 	/usr/lib/liblzma.5.dylib
0x000000001a73b000 	/usr/lib/libnetwork.dylib
0x000000001a73b000 	/usr/lib/libapple_nghttp2.dylib
0x000000001a73b000 	/usr/lib/libpcap.A.dylib
0x000000001a73b000 	/System/Library/Frameworks/CoreServices.framework/Versions/A/Frameworks/FSEvents.framework/Versions/A/FSEvents
0x000000001a73b000 	/System/Library/Frameworks/CoreServices.framework/Versions/A/Frameworks/CarbonCore.framework/Versions/A/CarbonCore
0x000000001a73b000 	/System/Library/Frameworks/CoreServices.framework/Versions/A/Frameworks/Metadata.framework/Versions/A/Metadata
0x000000001a73b000 	/System/Library/Frameworks/CoreServices.framework/Versions/A/Frameworks/OSServices.framework/Versions/A/OSServices
0x000000001a73b000 	/System/Library/Frameworks/CoreServices.framework/Versions/A/Frameworks/SearchKit.framework/Versions/A/SearchKit
0x000000001a73b000 	/System/Library/Frameworks/CoreServices.framework/Versions/A/Frameworks/AE.framework/Versions/A/AE
0x000000001a73b000 	/System/Library/Frameworks/CoreServices.framework/Versions/A/Frameworks/LaunchServices.framework/Versions/A/LaunchServices
0x000000001a73b000 	/System/Library/Frameworks/CoreServices.framework/Versions/A/Frameworks/DictionaryServices.framework/Versions/A/DictionaryServices
0x000000001a73b000 	/System/Library/Frameworks/CoreServices.framework/Versions/A/Frameworks/SharedFileList.framework/Versions/A/SharedFileList
0x000000001a73b000 	/System/Library/Frameworks/NetFS.framework/Versions/A/NetFS
0x000000001a73b000 	/System/Library/PrivateFrameworks/NetAuth.framework/Versions/A/NetAuth
0x000000001a73b000 	/System/Library/PrivateFrameworks/login.framework/Versions/A/Frameworks/loginsupport.framework/Versions/A/loginsupport
0x000000001a73b000 	/System/Library/PrivateFrameworks/TCC.framework/Versions/A/TCC
0x000000001a73b000 	/System/Library/PrivateFrameworks/CoreNLP.framework/Versions/A/CoreNLP
0x000000001a73b000 	/System/Library/PrivateFrameworks/MetadataUtilities.framework/Versions/A/MetadataUtilities
0x000000001a73b000 	/usr/lib/libmecabra.dylib
0x000000001a73b000 	/System/Library/Frameworks/ApplicationServices.framework/Versions/A/Frameworks/ATS.framework/Versions/A/ATS
0x000000001a73b000 	/System/Library/Frameworks/ApplicationServices.framework/Versions/A/Frameworks/ColorSyncLegacy.framework/Versions/A/ColorSyncLegacy
0x000000001a73b000 	/System/Library/Frameworks/ApplicationServices.framework/Versions/A/Frameworks/HIServices.framework/Versions/A/HIServices
0x000000001a73b000 	/System/Library/Frameworks/ApplicationServices.framework/Versions/A/Frameworks/LangAnalysis.framework/Versions/A/LangAnalysis
0x000000001a73b000 	/System/Library/Frameworks/ApplicationServices.framework/Versions/A/Frameworks/PrintCore.framework/Versions/A/PrintCore
0x000000001a73b000 	/System/Library/Frameworks/ApplicationServices.framework/Versions/A/Frameworks/QD.framework/Versions/A/QD
0x000000001a73b000 	/System/Library/Frameworks/ApplicationServices.framework/Versions/A/Frameworks/SpeechSynthesis.framework/Versions/A/SpeechSynthesis
0x000000001a73b000 	/usr/lib/libcompression.dylib
0x000000001a73b000 	/System/Library/Frameworks/CoreDisplay.framework/Versions/A/CoreDisplay
0x000000001a73b000 	/System/Library/Frameworks/MetalPerformanceShaders.framework/Versions/A/MetalPerformanceShaders
0x000000001a73b000 	/System/Library/Frameworks/Accelerate.framework/Versions/A/Frameworks/vImage.framework/Versions/A/vImage
0x000000001a73b000 	/System/Library/Frameworks/Accelerate.framework/Versions/A/Frameworks/vecLib.framework/Versions/A/vecLib
0x000000001a73b000 	/System/Library/Frameworks/Accelerate.framework/Versions/A/Frameworks/vecLib.framework/Versions/A/libvMisc.dylib
0x000000001a73b000 	/System/Library/Frameworks/Accelerate.framework/Versions/A/Frameworks/vecLib.framework/Versions/A/libvDSP.dylib
0x000000001a73b000 	/System/Library/Frameworks/Accelerate.framework/Versions/A/Frameworks/vecLib.framework/Versions/A/libBLAS.dylib
0x000000001a73b000 	/System/Library/Frameworks/Accelerate.framework/Versions/A/Frameworks/vecLib.framework/Versions/A/libLAPACK.dylib
0x000000001a73b000 	/System/Library/Frameworks/Accelerate.framework/Versions/A/Frameworks/vecLib.framework/Versions/A/libLinearAlgebra.dylib
0x000000001a73b000 	/System/Library/Frameworks/Accelerate.framework/Versions/A/Frameworks/vecLib.framework/Versions/A/libSparseBLAS.dylib
0x000000001a73b000 	/System/Library/Frameworks/Accelerate.framework/Versions/A/Frameworks/vecLib.framework/Versions/A/libQuadrature.dylib
0x000000001a73b000 	/System/Library/Frameworks/Accelerate.framework/Versions/A/Frameworks/vecLib.framework/Versions/A/libBNNS.dylib
0x000000001a73b000 	/System/Library/Frameworks/Accelerate.framework/Versions/A/Frameworks/vecLib.framework/Versions/A/libSparse.dylib
0x000000001a73b000 	/System/Library/PrivateFrameworks/GPUWrangler.framework/Versions/A/GPUWrangler
0x000000001a73b000 	/System/Library/PrivateFrameworks/IOAccelerator.framework/Versions/A/IOAccelerator
0x000000001a73b000 	/System/Library/PrivateFrameworks/IOPresentment.framework/Versions/A/IOPresentment
0x000000001a73b000 	/System/Library/PrivateFrameworks/DSExternalDisplay.framework/Versions/A/DSExternalDisplay
0x000000001a73b000 	/System/Library/Frameworks/OpenGL.framework/Versions/A/Libraries/libCoreFSCache.dylib
0x000000001a73b000 	/System/Library/Frameworks/MetalPerformanceShaders.framework/Frameworks/MPSCore.framework/Versions/A/MPSCore
0x000000001a73b000 	/System/Library/Frameworks/MetalPerformanceShaders.framework/Frameworks/MPSImage.framework/Versions/A/MPSImage
0x000000001a73b000 	/System/Library/Frameworks/MetalPerformanceShaders.framework/Frameworks/MPSNeuralNetwork.framework/Versions/A/MPSNeuralNetwork
0x000000001a73b000 	/System/Library/Frameworks/MetalPerformanceShaders.framework/Frameworks/MPSMatrix.framework/Versions/A/MPSMatrix
0x000000001a73b000 	/System/Library/Frameworks/MetalPerformanceShaders.framework/Frameworks/MPSRayIntersector.framework/Versions/A/MPSRayIntersector
0x000000001a73b000 	/System/Library/PrivateFrameworks/MetalTools.framework/Versions/A/MetalTools
0x000000001a73b000 	/System/Library/PrivateFrameworks/AggregateDictionary.framework/Versions/A/AggregateDictionary
0x000000001a73b000 	/usr/lib/libMobileGestalt.dylib
0x000000001a73b000 	/System/Library/Frameworks/CoreVideo.framework/Versions/A/CoreVideo
0x000000001a73b000 	/System/Library/PrivateFrameworks/GraphVisualizer.framework/Versions/A/GraphVisualizer
0x000000001a73b000 	/System/Library/PrivateFrameworks/FaceCore.framework/Versions/A/FaceCore
0x000000001a73b000 	/System/Library/Frameworks/OpenCL.framework/Versions/A/OpenCL
0x000000001a73b000 	/usr/lib/libFosl_dynamic.dylib
0x000000001a73b000 	/System/Library/PrivateFrameworks/OTSVG.framework/Versions/A/OTSVG
0x000000001a73b000 	/System/Library/Frameworks/ApplicationServices.framework/Versions/A/Frameworks/ATS.framework/Versions/A/Resources/libFontParser.dylib
0x000000001a73b000 	/System/Library/Frameworks/ApplicationServices.framework/Versions/A/Frameworks/ATS.framework/Versions/A/Resources/libFontRegistry.dylib
0x000000001a73b000 	/System/Library/Frameworks/ImageIO.framework/Versions/A/Resources/libJPEG.dylib
0x000000001a73b000 	/System/Library/Frameworks/ImageIO.framework/Versions/A/Resources/libTIFF.dylib
0x000000001a73b000 	/System/Library/Frameworks/ImageIO.framework/Versions/A/Resources/libPng.dylib
0x000000001a73b000 	/System/Library/Frameworks/ImageIO.framework/Versions/A/Resources/libGIF.dylib
0x000000001a73b000 	/System/Library/Frameworks/ImageIO.framework/Versions/A/Resources/libJP2.dylib
0x000000001a73b000 	/System/Library/Frameworks/ImageIO.framework/Versions/A/Resources/libRadiance.dylib
0x000000001a73b000 	/System/Library/PrivateFrameworks/AppleJPEG.framework/Versions/A/AppleJPEG
0x000000001a73b000 	/System/Library/Frameworks/OpenGL.framework/Versions/A/Libraries/libGFXShared.dylib
0x000000001a73b000 	/System/Library/Frameworks/OpenGL.framework/Versions/A/Libraries/libGLU.dylib
0x000000001a73b000 	/System/Library/Frameworks/OpenGL.framework/Versions/A/Libraries/libGL.dylib
0x000000001a73b000 	/System/Library/Frameworks/OpenGL.framework/Versions/A/Libraries/libGLImage.dylib
0x000000001a73b000 	/System/Library/Frameworks/OpenGL.framework/Versions/A/Libraries/libCVMSPluginSupport.dylib
0x000000001a73b000 	/System/Library/Frameworks/OpenGL.framework/Versions/A/Libraries/libCoreVMClient.dylib
0x000000001a73b000 	/usr/lib/libcups.2.dylib
0x000000001a73b000 	/System/Library/Frameworks/Kerberos.framework/Versions/A/Kerberos
0x000000001a73b000 	/System/Library/Frameworks/GSS.framework/Versions/A/GSS
0x000000001a73b000 	/usr/lib/libresolv.9.dylib
0x000000001a73b000 	/usr/lib/libiconv.2.dylib
0x000000001a73b000 	/System/Library/PrivateFrameworks/Heimdal.framework/Versions/A/Heimdal
0x000000001a73b000 	/usr/lib/libheimdal-asn1.dylib
0x000000001a73b000 	/System/Library/Frameworks/OpenDirectory.framework/Versions/A/OpenDirectory
0x000000001a73b000 	/System/Library/PrivateFrameworks/CommonAuth.framework/Versions/A/CommonAuth
0x000000001a73b000 	/System/Library/Frameworks/OpenDirectory.framework/Versions/A/Frameworks/CFOpenDirectory.framework/Versions/A/CFOpenDirectory
0x000000001a73b000 	/System/Library/Frameworks/SecurityFoundation.framework/Versions/A/SecurityFoundation
0x000000001a73b000 	/System/Library/PrivateFrameworks/APFS.framework/Versions/A/APFS
0x000000001a73b000 	/usr/lib/libutil.dylib
0x000000001a73b000 	/usr/lib/libcharset.1.dylib
0x000000001a73b000 	/System/Library/PrivateFrameworks/AppleSauce.framework/Versions/A/AppleSauce
0x000000001a73b000 	/System/Library/PrivateFrameworks/AssertionServices.framework/Versions/A/AssertionServices
0x000000001a73b000 	/System/Library/PrivateFrameworks/BaseBoard.framework/Versions/A/BaseBoard
0x000000001a73b000 	/usr/lib/libmecab.1.0.0.dylib
0x000000001a73b000 	/usr/lib/libgermantok.dylib
0x000000001a73b000 	/usr/lib/libThaiTokenizer.dylib
0x000000001a73b000 	/usr/lib/libChineseTokenizer.dylib
0x000000001a73b000 	/System/Library/PrivateFrameworks/LanguageModeling.framework/Versions/A/LanguageModeling
0x000000001a73b000 	/System/Library/PrivateFrameworks/CoreEmoji.framework/Versions/A/CoreEmoji
0x000000001a73b000 	/System/Library/PrivateFrameworks/Lexicon.framework/Versions/A/Lexicon
0x000000001a73b000 	/System/Library/PrivateFrameworks/LinguisticData.framework/Versions/A/LinguisticData
0x000000001a73b000 	/usr/lib/libcmph.dylib
0x000000001a73b000 	/System/Library/Frameworks/ServiceManagement.framework/Versions/A/ServiceManagement
0x000000001a73b000 	/System/Library/PrivateFrameworks/BackgroundTaskManagement.framework/Versions/A/BackgroundTaskManagement
0x000000001a73b000 	/usr/lib/libxslt.1.dylib
0x000000001a73b000 	/System/Library/Frameworks/Carbon.framework/Versions/A/Frameworks/Ink.framework/Versions/A/Ink
0x000000001a73b000 	/System/Library/PrivateFrameworks/TextureIO.framework/Versions/A/TextureIO
0x000000001a73b000 	/usr/lib/libate.dylib
0x000000001a73b000 	/System/Library/PrivateFrameworks/CrashReporterSupport.framework/Versions/A/CrashReporterSupport
0x000000001a73b000 	/System/Library/PrivateFrameworks/Sharing.framework/Versions/A/Sharing
0x000000001a73b000 	/System/Library/PrivateFrameworks/AuthKit.framework/Versions/A/AuthKit
0x000000001a73b000 	/System/Library/PrivateFrameworks/Apple80211.framework/Versions/A/Apple80211
0x000000001a73b000 	/System/Library/PrivateFrameworks/CoreUtils.framework/Versions/A/CoreUtils
0x000000001a73b000 	/System/Library/Frameworks/CoreWLAN.framework/Versions/A/CoreWLAN
0x000000001a73b000 	/System/Library/Frameworks/IOBluetooth.framework/Versions/A/IOBluetooth
0x000000001a73b000 	/System/Library/PrivateFrameworks/ProtocolBuffer.framework/Versions/A/ProtocolBuffer
0x000000001a73b000 	/System/Library/PrivateFrameworks/MobileKeyBag.framework/Versions/A/MobileKeyBag
0x000000001a73b000 	/System/Library/PrivateFrameworks/CorePhoneNumbers.framework/Versions/A/CorePhoneNumbers
0x000000001a73b000 	/System/Library/PrivateFrameworks/AppleIDAuthSupport.framework/Versions/A/AppleIDAuthSupport
0x000000001a73b000 	/System/Library/PrivateFrameworks/KeychainCircle.framework/Versions/A/KeychainCircle
0x000000001a73b000 	/System/Library/PrivateFrameworks/ROCKit.framework/Versions/A/ROCKit
0x000000001a73b000 	/System/Library/PrivateFrameworks/CoreWiFi.framework/Versions/A/CoreWiFi
0x000000001a73b000 	/System/Library/Frameworks/CoreBluetooth.framework/Versions/A/CoreBluetooth
0x000000001a73b000 	/System/Library/PrivateFrameworks/DebugSymbols.framework/Versions/A/DebugSymbols
0x000000001a73b000 	/System/Library/PrivateFrameworks/CoreSymbolication.framework/Versions/A/CoreSymbolication
0x000000001a73b000 	/System/Library/PrivateFrameworks/Symbolication.framework/Versions/A/Symbolication
0x000000001a73b000 	/System/Library/PrivateFrameworks/SpeechRecognitionCore.framework/Versions/A/SpeechRecognitionCore
0x000000010c600000 	/Library/Java/JavaVirtualMachines/jdk1.7.0_80.jdk/Contents/Home/jre/lib/server/libjvm.dylib
0x000000001a73b000 	/usr/lib/libstdc++.6.dylib
0x000000010ad8c000 	/Library/Java/JavaVirtualMachines/jdk1.7.0_80.jdk/Contents/Home/jre/lib/libverify.dylib
0x000000010ad99000 	/Library/Java/JavaVirtualMachines/jdk1.7.0_80.jdk/Contents/Home/jre/lib/libjava.dylib
0x000000010add3000 	/Library/Java/JavaVirtualMachines/jdk1.7.0_80.jdk/Contents/Home/jre/lib/libzip.dylib
0x000000001a73b000 	/System/Library/Frameworks/JavaVM.framework/Versions/A/Frameworks/JavaRuntimeSupport.framework/Versions/A/JavaRuntimeSupport
0x000000001a73b000 	/System/Library/Frameworks/JavaVM.framework/Versions/A/Frameworks/JavaNativeFoundation.framework/Versions/A/JavaNativeFoundation
0x000000001a73b000 	/System/Library/Frameworks/JavaVM.framework/Versions/A/JavaVM
0x000000001a73b000 	/System/Library/Frameworks/Carbon.framework/Versions/A/Carbon
0x000000001a73b000 	/System/Library/PrivateFrameworks/JavaLaunching.framework/Versions/A/JavaLaunching
0x000000001a73b000 	/System/Library/Frameworks/Carbon.framework/Versions/A/Frameworks/CommonPanels.framework/Versions/A/CommonPanels
0x000000001a73b000 	/System/Library/Frameworks/Carbon.framework/Versions/A/Frameworks/Help.framework/Versions/A/Help
0x000000001a73b000 	/System/Library/Frameworks/Carbon.framework/Versions/A/Frameworks/ImageCapture.framework/Versions/A/ImageCapture
0x000000001a73b000 	/System/Library/Frameworks/Carbon.framework/Versions/A/Frameworks/OpenScripting.framework/Versions/A/OpenScripting
0x000000001a73b000 	/System/Library/Frameworks/Carbon.framework/Versions/A/Frameworks/Print.framework/Versions/A/Print
0x000000001a73b000 	/System/Library/Frameworks/Carbon.framework/Versions/A/Frameworks/SecurityHI.framework/Versions/A/SecurityHI
0x0000000126ff6000 	/Library/Java/JavaVirtualMachines/jdk1.7.0_80.jdk/Contents/Home/jre/lib/libnet.dylib
0x0000000127088000 	/Library/Java/JavaVirtualMachines/jdk1.7.0_80.jdk/Contents/Home/jre/lib/libsunec.dylib
0x000000012718e000 	/Library/Java/JavaVirtualMachines/jdk1.7.0_80.jdk/Contents/Home/jre/lib/libnio.dylib

VM Arguments:
java_command: bftsmart.demo.currency_control.ReplicaDef 2
Launcher Type: SUN_STANDARD

Environment Variables:
PATH=/usr/local/include:/Users/xyli1905/anaconda3/bin:/Users/xyli1905/anaconda3/condabin:/usr/local/bin:/usr/bin:/bin:/usr/sbin:/sbin:/Library/TeX/texbin:/opt/X11/bin
SHELL=/bin/bash
DISPLAY=/private/tmp/com.apple.launchd.tbFIks5BaB/org.macosforge.xquartz:0

Signal Handlers:
SIGSEGV: [libjvm.dylib+0x52e8c9], sa_mask[0]=0xfffefeff, sa_flags=0x00000043
SIGBUS: [libjvm.dylib+0x52e8c9], sa_mask[0]=0xfffefeff, sa_flags=0x00000042
SIGFPE: [libjvm.dylib+0x42022e], sa_mask[0]=0xfffefeff, sa_flags=0x00000042
SIGPIPE: [libjvm.dylib+0x42022e], sa_mask[0]=0xfffefeff, sa_flags=0x00000042
SIGXFSZ: [libjvm.dylib+0x42022e], sa_mask[0]=0xfffefeff, sa_flags=0x00000042
SIGILL: [libjvm.dylib+0x42022e], sa_mask[0]=0xfffefeff, sa_flags=0x00000042
SIGUSR1: SIG_DFL, sa_mask[0]=0x63807efb, sa_flags=0x00000000
SIGUSR2: [libjvm.dylib+0x41fd20], sa_mask[0]=0x00000004, sa_flags=0x00000042
SIGHUP: [libjvm.dylib+0x41dfd5], sa_mask[0]=0xfffefeff, sa_flags=0x00000042
SIGINT: [libjvm.dylib+0x41dfd5], sa_mask[0]=0xfffefeff, sa_flags=0x00000042
SIGTERM: [libjvm.dylib+0x41dfd5], sa_mask[0]=0xfffefeff, sa_flags=0x00000042
SIGQUIT: [libjvm.dylib+0x41dfd5], sa_mask[0]=0xfffefeff, sa_flags=0x00000042


---------------  S Y S T E M  ---------------

OS:Bsduname:Darwin 18.2.0 Darwin Kernel Version 18.2.0: Thu Dec 20 20:46:53 PST 2018; root:xnu-4903.241.1~1/RELEASE_X86_64 x86_64
rlimit: STACK 8192k, CORE 0k, NPROC 2837, NOFILE 10240, AS infinity
load average:3.49 2.43 1.98

CPU:total 12 (6 cores per cpu, 2 threads per core) family 6 model 158 stepping 10, cmov, cx8, fxsr, mmx, sse, sse2, sse3, ssse3, sse4.1, sse4.2, popcnt, avx, avx2, aes, erms, ht, tsc, tscinvbit

Memory: 4k page, physical 33554432k(8388608k free)

/proc/meminfo:


vm_info: Java HotSpot(TM) 64-Bit Server VM (24.80-b11) for bsd-amd64 JRE (1.7.0_80-b15), built on Apr 10 2015 11:25:43 by "java_re" with gcc 4.2.1 (Based on Apple Inc. build 5658) (LLVM build 2336.11.00)

time: Tue Mar 12 21:02:00 2019
elapsed time: 182 seconds

